[themewagon.github.io/dashtreme/index5135.html]
[backblue.gif]
[fade.gif]
[index.html]
[themewagon.github.io/dashtreme/assets/css/pace.min.css]
[themewagon.github.io/dashtreme/assets/js/pace.min.js]
[themewagon.github.io/dashtreme/assets/images/favicon.ico]
[themewagon.github.io/dashtreme/assets/plugins/vectormap/jquery-jvectormap-2.0.2.css]
[themewagon.github.io/dashtreme/assets/plugins/simplebar/css/simplebar.css]
[themewagon.github.io/dashtreme/assets/css/bootstrap.min.css]
[themewagon.github.io/dashtreme/assets/css/animate.css]
[themewagon.github.io/dashtreme/assets/css/icons.css]
[themewagon.github.io/dashtreme/assets/css/sidebar-menu.css]
[themewagon.github.io/dashtreme/assets/css/app-style.css]
[themewagon.github.io/dashtreme/index.html]
[themewagon.github.io/dashtreme/assets/images/logo-icon.png]
[themewagon.github.io/dashtreme/icons.html]
[themewagon.github.io/dashtreme/forms.html]
[themewagon.github.io/dashtreme/tables.html]
[themewagon.github.io/dashtreme/calendar.html]
[themewagon.github.io/dashtreme/profile.html]
[themewagon.github.io/dashtreme/login.html]
[themewagon.github.io/dashtreme/register.html]
[themewagon.github.io/dashtreme/assets/js/jquery.min.js]
[themewagon.github.io/dashtreme/assets/js/popper.min.js]
[themewagon.github.io/dashtreme/assets/js/bootstrap.min.js]
[themewagon.github.io/dashtreme/assets/plugins/simplebar/js/simplebar.js]
[themewagon.github.io/dashtreme/assets/js/sidebar-menu.js]
[themewagon.github.io/dashtreme/assets/js/jquery.loading-indicator.js]
[themewagon.github.io/dashtreme/assets/js/app-script.js]
[themewagon.github.io/dashtreme/assets/plugins/Chart.js/Chart.min.js]
[themewagon.github.io/dashtreme/assets/js/index.js]
[themewagon.github.io/dashtreme/index5135.html]
[themewagon.github.io/dashtreme/assets/css/pace.min.css]
[themewagon.github.io/dashtreme/assets/plugins/vectormap/jquery-jvectormap-2.0.2.html]
[themewagon.github.io/dashtreme/assets/plugins/simplebar/css/simplebar.css]
[themewagon.github.io/dashtreme/assets/css/bootstrap.min.css]
[themewagon.github.io/dashtreme/assets/css/animate.css]
[themewagon.github.io/dashtreme/assets/fonts/Material-Design-Iconic-Fontd1f1.woff2]
[themewagon.github.io/dashtreme/assets/fonts/Material-Design-Iconic-Fontd1f1.woff]
[themewagon.github.io/dashtreme/assets/fonts/fontawesome-webfont3e6e.eot]
[themewagon.github.io/dashtreme/assets/fonts/fontawesome-webfontd41d.eot]
[themewagon.github.io/dashtreme/assets/fonts/Material-Design-Iconic-Fontd1f1.ttf]
[themewagon.github.io/dashtreme/assets/fonts/fontawesome-webfont3e6e.woff2]
[themewagon.github.io/dashtreme/assets/fonts/fontawesome-webfont3e6e.woff]
[themewagon.github.io/dashtreme/assets/fonts/fontawesome-webfont3e6e.svg]
[themewagon.github.io/dashtreme/assets/fonts/themify9f24.eot]
[themewagon.github.io/dashtreme/assets/fonts/themifyd41d.eot]
[themewagon.github.io/dashtreme/assets/fonts/themify9f24.woff]
[themewagon.github.io/dashtreme/assets/fonts/themify9f24.ttf]
[themewagon.github.io/dashtreme/assets/fonts/fontawesome-webfont3e6e.ttf]
[themewagon.github.io/dashtreme/assets/fonts/themify9f24.svg]
[themewagon.github.io/dashtreme/assets/fonts/Simple-Line-Iconsb26c.eot]
[themewagon.github.io/dashtreme/assets/fonts/Simple-Line-Iconsb26c.woff2]
[themewagon.github.io/dashtreme/assets/fonts/Simple-Line-Iconsb26c.ttf]
[themewagon.github.io/dashtreme/assets/fonts/Simple-Line-Iconsb26c.woff]
[themewagon.github.io/dashtreme/assets/fonts/Simple-Line-Iconsb26c.svg]
[themewagon.github.io/dashtreme/assets/fonts/weathericons-regular-webfont.eot]
[themewagon.github.io/dashtreme/assets/fonts/weathericons-regular-webfontd41d.eot]
[themewagon.github.io/dashtreme/assets/fonts/weathericons-regular-webfont.woff2]
[themewagon.github.io/dashtreme/assets/font/weathericons-regular-webfont.woff]
[themewagon.github.io/dashtreme/assets/font/weathericons-regular-webfont.ttf]
[themewagon.github.io/dashtreme/assets/font/weathericons-regular-webfont.svg]
[themewagon.github.io/dashtreme/assets/flags/4x3/ad.svg]
[themewagon.github.io/dashtreme/assets/flags/1x1/ad.svg]
[themewagon.github.io/dashtreme/assets/flags/4x3/ae.svg]
[themewagon.github.io/dashtreme/assets/flags/1x1/ae.svg]
[themewagon.github.io/dashtreme/assets/flags/4x3/af.svg]
[themewagon.github.io/dashtreme/assets/flags/1x1/af.svg]
[themewagon.github.io/dashtreme/assets/flags/4x3/ag.svg]
[themewagon.github.io/dashtreme/assets/flags/1x1/ag.svg]
[themewagon.github.io/dashtreme/assets/flags/4x3/ai.svg]
[themewagon.github.io/dashtreme/assets/flags/1x1/ai.svg]
[themewagon.github.io/dashtreme/assets/flags/4x3/al.svg]
[themewagon.github.io/dashtreme/assets/flags/1x1/al.svg]
[themewagon.github.io/dashtreme/assets/flags/4x3/ao.svg]
[themewagon.github.io/dashtreme/assets/flags/1x1/ao.svg]
[themewagon.github.io/dashtreme/assets/flags/4x3/aq.svg]
[themewagon.github.io/dashtreme/assets/flags/1x1/aq.svg]
[themewagon.github.io/dashtreme/assets/flags/4x3/ar.svg]
[themewagon.github.io/dashtreme/assets/flags/1x1/ar.svg]
[themewagon.github.io/dashtreme/assets/flags/4x3/as.svg]
[themewagon.github.io/dashtreme/assets/flags/1x1/as.svg]
[themewagon.github.io/dashtreme/assets/flags/4x3/au.svg]
[themewagon.github.io/dashtreme/assets/flags/1x1/au.svg]
[themewagon.github.io/dashtreme/assets/flags/4x3/aw.svg]
[themewagon.github.io/dashtreme/assets/flags/1x1/aw.svg]
[themewagon.github.io/dashtreme/assets/flags/4x3/ax.svg]
[themewagon.github.io/dashtreme/assets/flags/1x1/ax.svg]
[themewagon.github.io/dashtreme/assets/flags/4x3/az.svg]
[themewagon.github.io/dashtreme/assets/flags/1x1/az.svg]
[themewagon.github.io/dashtreme/assets/flags/4x3/ba.svg]
[themewagon.github.io/dashtreme/assets/flags/1x1/ba.svg]
[themewagon.github.io/dashtreme/assets/flags/4x3/bb.svg]
[themewagon.github.io/dashtreme/assets/flags/1x1/bb.svg]
[themewagon.github.io/dashtreme/assets/flags/4x3/be.svg]
[themewagon.github.io/dashtreme/assets/flags/1x1/be.svg]
[themewagon.github.io/dashtreme/assets/flags/4x3/bf.svg]
[themewagon.github.io/dashtreme/assets/flags/1x1/bf.svg]
[themewagon.github.io/dashtreme/assets/flags/4x3/bg.svg]
[themewagon.github.io/dashtreme/assets/flags/1x1/bg.svg]
[themewagon.github.io/dashtreme/assets/flags/4x3/bh.svg]
[themewagon.github.io/dashtreme/assets/flags/1x1/bh.svg]
[themewagon.github.io/dashtreme/assets/flags/4x3/bi.svg]
[themewagon.github.io/dashtreme/assets/flags/1x1/bi.svg]
[themewagon.github.io/dashtreme/assets/flags/4x3/bj.svg]
[themewagon.github.io/dashtreme/assets/flags/1x1/bj.svg]
[themewagon.github.io/dashtreme/assets/flags/4x3/bl.svg]
[themewagon.github.io/dashtreme/assets/flags/1x1/bl.svg]
[themewagon.github.io/dashtreme/assets/flags/4x3/bm.svg]
[themewagon.github.io/dashtreme/assets/flags/1x1/bm.svg]
[themewagon.github.io/dashtreme/assets/flags/4x3/bn.svg]
[themewagon.github.io/dashtreme/assets/flags/1x1/bn.svg]
[themewagon.github.io/dashtreme/assets/flags/4x3/bo.svg]
[themewagon.github.io/dashtreme/assets/flags/1x1/bo.svg]
[themewagon.github.io/dashtreme/assets/flags/4x3/br.svg]
[themewagon.github.io/dashtreme/assets/flags/1x1/br.svg]
[themewagon.github.io/dashtreme/assets/flags/4x3/bs.svg]
[themewagon.github.io/dashtreme/assets/flags/1x1/bs.svg]
[themewagon.github.io/dashtreme/assets/flags/4x3/bt.svg]
[themewagon.github.io/dashtreme/assets/flags/1x1/bt.svg]
[themewagon.github.io/dashtreme/assets/flags/4x3/bv.svg]
[themewagon.github.io/dashtreme/assets/flags/1x1/bv.svg]
[themewagon.github.io/dashtreme/assets/flags/4x3/bw.svg]
[themewagon.github.io/dashtreme/assets/flags/1x1/bw.svg]
[themewagon.github.io/dashtreme/assets/flags/4x3/by.svg]
[themewagon.github.io/dashtreme/assets/flags/1x1/by.svg]
[themewagon.github.io/dashtreme/assets/flags/4x3/bz.svg]
[themewagon.github.io/dashtreme/assets/flags/1x1/bz.svg]
[themewagon.github.io/dashtreme/assets/flags/4x3/ca.svg]
[themewagon.github.io/dashtreme/assets/flags/1x1/ca.svg]
[themewagon.github.io/dashtreme/assets/flags/4x3/cc.svg]
[themewagon.github.io/dashtreme/assets/flags/1x1/cc.svg]
[themewagon.github.io/dashtreme/assets/flags/4x3/cd.svg]
[themewagon.github.io/dashtreme/assets/flags/1x1/cd.svg]
[themewagon.github.io/dashtreme/assets/flags/4x3/cf.svg]
[themewagon.github.io/dashtreme/assets/flags/1x1/cf.svg]
[themewagon.github.io/dashtreme/assets/flags/4x3/cg.svg]
[themewagon.github.io/dashtreme/assets/flags/1x1/cg.svg]
[themewagon.github.io/dashtreme/assets/flags/4x3/ch.svg]
[themewagon.github.io/dashtreme/assets/flags/1x1/ch.svg]
[themewagon.github.io/dashtreme/assets/flags/4x3/ci.svg]
[themewagon.github.io/dashtreme/assets/flags/1x1/ci.svg]
[themewagon.github.io/dashtreme/assets/flags/4x3/ck.svg]
[themewagon.github.io/dashtreme/assets/flags/1x1/ck.svg]
[themewagon.github.io/dashtreme/assets/flags/4x3/cl.svg]
[themewagon.github.io/dashtreme/assets/flags/1x1/cl.svg]
[themewagon.github.io/dashtreme/assets/flags/4x3/cm.svg]
[themewagon.github.io/dashtreme/assets/flags/1x1/cm.svg]
[themewagon.github.io/dashtreme/assets/flags/4x3/cn.svg]
[themewagon.github.io/dashtreme/assets/flags/1x1/cn.svg]
[themewagon.github.io/dashtreme/assets/flags/4x3/co.svg]
[themewagon.github.io/dashtreme/assets/flags/1x1/co.svg]
[themewagon.github.io/dashtreme/assets/flags/4x3/cr.svg]
[themewagon.github.io/dashtreme/assets/flags/1x1/cr.svg]
[themewagon.github.io/dashtreme/assets/flags/4x3/cu.svg]
[themewagon.github.io/dashtreme/assets/flags/1x1/cu.svg]
[themewagon.github.io/dashtreme/assets/flags/4x3/cv.svg]
[themewagon.github.io/dashtreme/assets/flags/1x1/cv.svg]
[themewagon.github.io/dashtreme/assets/flags/4x3/cw.svg]
[themewagon.github.io/dashtreme/assets/flags/1x1/cw.svg]
[themewagon.github.io/dashtreme/assets/flags/4x3/cx.svg]
[themewagon.github.io/dashtreme/assets/flags/1x1/cx.svg]
[themewagon.github.io/dashtreme/assets/flags/4x3/cy.svg]
[themewagon.github.io/dashtreme/assets/flags/1x1/cy.svg]
[themewagon.github.io/dashtreme/assets/flags/4x3/cz.svg]
[themewagon.github.io/dashtreme/assets/flags/1x1/cz.svg]
[themewagon.github.io/dashtreme/assets/flags/4x3/dj.svg]
[themewagon.github.io/dashtreme/assets/flags/1x1/dj.svg]
[themewagon.github.io/dashtreme/assets/flags/4x3/dm.svg]
[themewagon.github.io/dashtreme/assets/flags/1x1/dm.svg]
[themewagon.github.io/dashtreme/assets/flags/4x3/do.svg]
[themewagon.github.io/dashtreme/assets/flags/1x1/do.svg]
[themewagon.github.io/dashtreme/assets/flags/4x3/dz.svg]
[themewagon.github.io/dashtreme/assets/flags/1x1/dz.svg]
[themewagon.github.io/dashtreme/assets/flags/4x3/ec.svg]
[themewagon.github.io/dashtreme/assets/flags/1x1/ec.svg]
[themewagon.github.io/dashtreme/assets/flags/4x3/ee.svg]
[themewagon.github.io/dashtreme/assets/flags/1x1/ee.svg]
[themewagon.github.io/dashtreme/assets/flags/4x3/eg.svg]
[themewagon.github.io/dashtreme/assets/flags/1x1/eg.svg]
[themewagon.github.io/dashtreme/assets/flags/4x3/eh.svg]
[themewagon.github.io/dashtreme/assets/flags/1x1/eh.svg]
[themewagon.github.io/dashtreme/assets/flags/4x3/er.svg]
[themewagon.github.io/dashtreme/assets/flags/1x1/er.svg]
[themewagon.github.io/dashtreme/assets/flags/4x3/es.svg]
[themewagon.github.io/dashtreme/assets/flags/1x1/es.svg]
[themewagon.github.io/dashtreme/assets/flags/4x3/et.svg]
[themewagon.github.io/dashtreme/assets/flags/1x1/et.svg]
[themewagon.github.io/dashtreme/assets/flags/4x3/fj.svg]
[themewagon.github.io/dashtreme/assets/flags/1x1/fj.svg]
[themewagon.github.io/dashtreme/assets/flags/4x3/fk.svg]
[themewagon.github.io/dashtreme/assets/flags/1x1/fk.svg]
[themewagon.github.io/dashtreme/assets/flags/4x3/fm.svg]
[themewagon.github.io/dashtreme/assets/flags/1x1/fm.svg]
[themewagon.github.io/dashtreme/assets/flags/4x3/fo.svg]
[themewagon.github.io/dashtreme/assets/flags/1x1/fo.svg]
[themewagon.github.io/dashtreme/assets/flags/4x3/fr.svg]
[themewagon.github.io/dashtreme/assets/flags/1x1/fr.svg]
[themewagon.github.io/dashtreme/assets/flags/4x3/ga.svg]
[themewagon.github.io/dashtreme/assets/flags/1x1/ga.svg]
[themewagon.github.io/dashtreme/assets/flags/4x3/gb.svg]
[themewagon.github.io/dashtreme/assets/flags/1x1/gb.svg]
[themewagon.github.io/dashtreme/assets/flags/4x3/gd.svg]
[themewagon.github.io/dashtreme/assets/flags/1x1/gd.svg]
[themewagon.github.io/dashtreme/assets/flags/4x3/ge.svg]
[themewagon.github.io/dashtreme/assets/flags/1x1/ge.svg]
[themewagon.github.io/dashtreme/assets/flags/4x3/gf.svg]
[themewagon.github.io/dashtreme/assets/flags/1x1/gf.svg]
[themewagon.github.io/dashtreme/assets/flags/4x3/gg.svg]
[themewagon.github.io/dashtreme/assets/flags/1x1/gg.svg]
[themewagon.github.io/dashtreme/assets/flags/4x3/gh.svg]
[themewagon.github.io/dashtreme/assets/flags/1x1/gh.svg]
[themewagon.github.io/dashtreme/assets/flags/4x3/gi.svg]
[themewagon.github.io/dashtreme/assets/flags/1x1/gi.svg]
[themewagon.github.io/dashtreme/assets/flags/4x3/gl.svg]
[themewagon.github.io/dashtreme/assets/flags/1x1/gl.svg]
[themewagon.github.io/dashtreme/assets/flags/4x3/gm.svg]
[themewagon.github.io/dashtreme/assets/flags/1x1/gm.svg]
[themewagon.github.io/dashtreme/assets/flags/4x3/gn.svg]
[themewagon.github.io/dashtreme/assets/flags/1x1/gn.svg]
[themewagon.github.io/dashtreme/assets/flags/4x3/gp.svg]
[themewagon.github.io/dashtreme/assets/flags/1x1/gp.svg]
[themewagon.github.io/dashtreme/assets/flags/4x3/gq.svg]
[themewagon.github.io/dashtreme/assets/flags/1x1/gq.svg]
[themewagon.github.io/dashtreme/assets/flags/4x3/gr.svg]
[themewagon.github.io/dashtreme/assets/flags/1x1/gr.svg]
[themewagon.github.io/dashtreme/assets/flags/4x3/gs.svg]
[themewagon.github.io/dashtreme/assets/flags/1x1/gs.svg]
[themewagon.github.io/dashtreme/assets/flags/4x3/gt.svg]
[themewagon.github.io/dashtreme/assets/flags/1x1/gt.svg]
[themewagon.github.io/dashtreme/assets/flags/4x3/gu.svg]
[themewagon.github.io/dashtreme/assets/flags/1x1/gu.svg]
[themewagon.github.io/dashtreme/assets/flags/4x3/gw.svg]
[themewagon.github.io/dashtreme/assets/flags/1x1/gw.svg]
[themewagon.github.io/dashtreme/assets/flags/4x3/gy.svg]
[themewagon.github.io/dashtreme/assets/flags/1x1/gy.svg]
[themewagon.github.io/dashtreme/assets/flags/4x3/hk.svg]
[themewagon.github.io/dashtreme/assets/flags/1x1/hk.svg]
[themewagon.github.io/dashtreme/assets/flags/4x3/hm.svg]
[themewagon.github.io/dashtreme/assets/flags/1x1/hm.svg]
[themewagon.github.io/dashtreme/assets/flags/4x3/hn.svg]
[themewagon.github.io/dashtreme/assets/flags/1x1/hn.svg]
[themewagon.github.io/dashtreme/assets/flags/4x3/hr.svg]
[themewagon.github.io/dashtreme/assets/flags/1x1/hr.svg]
[themewagon.github.io/dashtreme/assets/flags/4x3/ht.svg]
[themewagon.github.io/dashtreme/assets/flags/1x1/ht.svg]
[themewagon.github.io/dashtreme/assets/flags/4x3/hu.svg]
[themewagon.github.io/dashtreme/assets/flags/1x1/hu.svg]
[themewagon.github.io/dashtreme/assets/flags/4x3/ie.svg]
[themewagon.github.io/dashtreme/assets/flags/1x1/ie.svg]
[themewagon.github.io/dashtreme/assets/flags/4x3/il.svg]
[themewagon.github.io/dashtreme/assets/flags/1x1/il.svg]
[themewagon.github.io/dashtreme/assets/flags/4x3/im.svg]
[themewagon.github.io/dashtreme/assets/flags/1x1/im.svg]
[themewagon.github.io/dashtreme/assets/flags/4x3/in.svg]
[themewagon.github.io/dashtreme/assets/flags/1x1/in.svg]
[themewagon.github.io/dashtreme/assets/flags/4x3/io.svg]
[themewagon.github.io/dashtreme/assets/flags/1x1/io.svg]
[themewagon.github.io/dashtreme/assets/flags/4x3/iq.svg]
[themewagon.github.io/dashtreme/assets/flags/1x1/iq.svg]
[themewagon.github.io/dashtreme/assets/flags/4x3/ir.svg]
[themewagon.github.io/dashtreme/assets/flags/1x1/ir.svg]
[themewagon.github.io/dashtreme/assets/flags/4x3/is.svg]
[themewagon.github.io/dashtreme/assets/flags/1x1/is.svg]
[themewagon.github.io/dashtreme/assets/flags/4x3/it.svg]
[themewagon.github.io/dashtreme/assets/flags/1x1/it.svg]
[themewagon.github.io/dashtreme/assets/flags/4x3/je.svg]
[themewagon.github.io/dashtreme/assets/flags/1x1/je.svg]
[themewagon.github.io/dashtreme/assets/flags/4x3/jm.svg]
[themewagon.github.io/dashtreme/assets/flags/1x1/jm.svg]
[themewagon.github.io/dashtreme/assets/flags/4x3/jo.svg]
[themewagon.github.io/dashtreme/assets/flags/1x1/jo.svg]
[themewagon.github.io/dashtreme/assets/flags/4x3/jp.svg]
[themewagon.github.io/dashtreme/assets/flags/1x1/jp.svg]
[themewagon.github.io/dashtreme/assets/flags/4x3/ke.svg]
[themewagon.github.io/dashtreme/assets/flags/1x1/ke.svg]
[themewagon.github.io/dashtreme/assets/flags/4x3/kg.svg]
[themewagon.github.io/dashtreme/assets/flags/1x1/kg.svg]
[themewagon.github.io/dashtreme/assets/flags/4x3/kh.svg]
[themewagon.github.io/dashtreme/assets/flags/1x1/kh.svg]
[themewagon.github.io/dashtreme/assets/flags/4x3/ki.svg]
[themewagon.github.io/dashtreme/assets/flags/1x1/ki.svg]
[themewagon.github.io/dashtreme/assets/flags/4x3/km.svg]
[themewagon.github.io/dashtreme/assets/flags/1x1/km.svg]
[themewagon.github.io/dashtreme/assets/flags/4x3/kn.svg]
[themewagon.github.io/dashtreme/assets/flags/1x1/kn.svg]
[themewagon.github.io/dashtreme/assets/flags/4x3/kp.svg]
[themewagon.github.io/dashtreme/assets/flags/1x1/kp.svg]
[themewagon.github.io/dashtreme/assets/flags/4x3/kr.svg]
[themewagon.github.io/dashtreme/assets/flags/1x1/kr.svg]
[themewagon.github.io/dashtreme/assets/flags/4x3/kw.svg]
[themewagon.github.io/dashtreme/assets/flags/1x1/kw.svg]
[themewagon.github.io/dashtreme/assets/flags/4x3/ky.svg]
[themewagon.github.io/dashtreme/assets/flags/1x1/ky.svg]
[themewagon.github.io/dashtreme/assets/flags/4x3/kz.svg]
[themewagon.github.io/dashtreme/assets/flags/1x1/kz.svg]
[themewagon.github.io/dashtreme/assets/flags/4x3/la.svg]
[themewagon.github.io/dashtreme/assets/flags/1x1/la.svg]
[themewagon.github.io/dashtreme/assets/flags/4x3/lb.svg]
[themewagon.github.io/dashtreme/assets/flags/1x1/lb.svg]
[themewagon.github.io/dashtreme/assets/flags/4x3/lc.svg]
[themewagon.github.io/dashtreme/assets/flags/1x1/lc.svg]
[themewagon.github.io/dashtreme/assets/flags/4x3/li.svg]
[themewagon.github.io/dashtreme/assets/flags/1x1/li.svg]
[themewagon.github.io/dashtreme/assets/flags/4x3/lk.svg]
[themewagon.github.io/dashtreme/assets/flags/1x1/lk.svg]
[themewagon.github.io/dashtreme/assets/flags/4x3/lr.svg]
[themewagon.github.io/dashtreme/assets/flags/1x1/lr.svg]
[themewagon.github.io/dashtreme/assets/flags/4x3/ls.svg]
[themewagon.github.io/dashtreme/assets/flags/1x1/ls.svg]
[themewagon.github.io/dashtreme/assets/flags/4x3/lt.svg]
[themewagon.github.io/dashtreme/assets/flags/1x1/lt.svg]
[themewagon.github.io/dashtreme/assets/flags/1x1/lv.svg]
[themewagon.github.io/dashtreme/assets/flags/4x3/ly.svg]
[themewagon.github.io/dashtreme/assets/flags/1x1/ly.svg]
[themewagon.github.io/dashtreme/assets/flags/4x3/ma.svg]
[themewagon.github.io/dashtreme/assets/flags/1x1/ma.svg]
[themewagon.github.io/dashtreme/assets/flags/1x1/mc.svg]
[themewagon.github.io/dashtreme/assets/flags/4x3/md.svg]
[themewagon.github.io/dashtreme/assets/flags/1x1/md.svg]
[themewagon.github.io/dashtreme/assets/flags/4x3/me.svg]
[themewagon.github.io/dashtreme/assets/flags/1x1/me.svg]
[themewagon.github.io/dashtreme/assets/flags/4x3/mf.svg]
[themewagon.github.io/dashtreme/assets/flags/1x1/mf.svg]
[themewagon.github.io/dashtreme/assets/flags/4x3/mg.svg]
[themewagon.github.io/dashtreme/assets/flags/1x1/mg.svg]
[themewagon.github.io/dashtreme/assets/flags/4x3/mh.svg]
[themewagon.github.io/dashtreme/assets/flags/1x1/mh.svg]
[themewagon.github.io/dashtreme/assets/flags/4x3/mk.svg]
[themewagon.github.io/dashtreme/assets/flags/1x1/mk.svg]
[themewagon.github.io/dashtreme/assets/flags/4x3/ml.svg]
[themewagon.github.io/dashtreme/assets/flags/1x1/ml.svg]
[themewagon.github.io/dashtreme/assets/flags/4x3/mm.svg]
[themewagon.github.io/dashtreme/assets/flags/1x1/mm.svg]
[themewagon.github.io/dashtreme/assets/flags/4x3/mn.svg]
[themewagon.github.io/dashtreme/assets/flags/1x1/mn.svg]
[themewagon.github.io/dashtreme/assets/flags/4x3/mo.svg]
[themewagon.github.io/dashtreme/assets/flags/1x1/mo.svg]
[themewagon.github.io/dashtreme/assets/flags/4x3/mp.svg]
[themewagon.github.io/dashtreme/assets/flags/1x1/mp.svg]
[themewagon.github.io/dashtreme/assets/flags/4x3/mq.svg]
[themewagon.github.io/dashtreme/assets/flags/1x1/mq.svg]
[themewagon.github.io/dashtreme/assets/flags/4x3/mr.svg]
[themewagon.github.io/dashtreme/assets/flags/1x1/mr.svg]
[themewagon.github.io/dashtreme/assets/flags/4x3/ms.svg]
[themewagon.github.io/dashtreme/assets/flags/1x1/ms.svg]
[themewagon.github.io/dashtreme/assets/flags/4x3/mt.svg]
[themewagon.github.io/dashtreme/assets/flags/1x1/mt.svg]
[themewagon.github.io/dashtreme/assets/flags/4x3/mu.svg]
[themewagon.github.io/dashtreme/assets/flags/1x1/mu.svg]
[themewagon.github.io/dashtreme/assets/flags/4x3/mv.svg]
[themewagon.github.io/dashtreme/assets/flags/1x1/mv.svg]
[themewagon.github.io/dashtreme/assets/flags/4x3/mw.svg]
[themewagon.github.io/dashtreme/assets/flags/1x1/mw.svg]
[themewagon.github.io/dashtreme/assets/flags/4x3/mx.svg]
[themewagon.github.io/dashtreme/assets/flags/1x1/mx.svg]
[themewagon.github.io/dashtreme/assets/flags/4x3/my.svg]
[themewagon.github.io/dashtreme/assets/flags/1x1/my.svg]
[themewagon.github.io/dashtreme/assets/flags/4x3/mz.svg]
[themewagon.github.io/dashtreme/assets/flags/1x1/mz.svg]
[themewagon.github.io/dashtreme/assets/flags/4x3/na.svg]
[themewagon.github.io/dashtreme/assets/flags/1x1/na.svg]
[themewagon.github.io/dashtreme/assets/flags/4x3/nc.svg]
[themewagon.github.io/dashtreme/assets/flags/1x1/nc.svg]
[themewagon.github.io/dashtreme/assets/flags/4x3/ne.svg]
[themewagon.github.io/dashtreme/assets/flags/1x1/ne.svg]
[themewagon.github.io/dashtreme/assets/flags/4x3/nf.svg]
[themewagon.github.io/dashtreme/assets/flags/1x1/nf.svg]
[themewagon.github.io/dashtreme/assets/flags/4x3/ng.svg]
[themewagon.github.io/dashtreme/assets/flags/1x1/ng.svg]
[themewagon.github.io/dashtreme/assets/flags/4x3/ni.svg]
[themewagon.github.io/dashtreme/assets/flags/1x1/ni.svg]
[themewagon.github.io/dashtreme/assets/flags/4x3/nl.svg]
[themewagon.github.io/dashtreme/assets/flags/1x1/nl.svg]
[themewagon.github.io/dashtreme/assets/flags/4x3/no.svg]
[themewagon.github.io/dashtreme/assets/flags/1x1/no.svg]
[themewagon.github.io/dashtreme/assets/flags/4x3/np.svg]
[themewagon.github.io/dashtreme/assets/flags/1x1/np.svg]
[themewagon.github.io/dashtreme/assets/flags/4x3/nr.svg]
[themewagon.github.io/dashtreme/assets/flags/1x1/nr.svg]
[themewagon.github.io/dashtreme/assets/flags/4x3/nu.svg]
[themewagon.github.io/dashtreme/assets/flags/1x1/nu.svg]
[themewagon.github.io/dashtreme/assets/flags/4x3/nz.svg]
[themewagon.github.io/dashtreme/assets/flags/1x1/nz.svg]
[themewagon.github.io/dashtreme/assets/flags/4x3/om.svg]
[themewagon.github.io/dashtreme/assets/flags/1x1/om.svg]
[themewagon.github.io/dashtreme/assets/flags/4x3/pa.svg]
[themewagon.github.io/dashtreme/assets/flags/1x1/pa.svg]
[themewagon.github.io/dashtreme/assets/flags/4x3/pe.svg]
[themewagon.github.io/dashtreme/assets/flags/1x1/pe.svg]
[themewagon.github.io/dashtreme/assets/flags/4x3/pf.svg]
[themewagon.github.io/dashtreme/assets/flags/1x1/pf.svg]
[themewagon.github.io/dashtreme/assets/flags/4x3/pg.svg]
[themewagon.github.io/dashtreme/assets/flags/1x1/pg.svg]
[themewagon.github.io/dashtreme/assets/flags/4x3/ph.svg]
[themewagon.github.io/dashtreme/assets/flags/1x1/ph.svg]
[themewagon.github.io/dashtreme/assets/flags/4x3/pk.svg]
[themewagon.github.io/dashtreme/assets/flags/1x1/pk.svg]
[themewagon.github.io/dashtreme/assets/flags/4x3/pm.svg]
[themewagon.github.io/dashtreme/assets/flags/1x1/pm.svg]
[themewagon.github.io/dashtreme/assets/flags/4x3/pn.svg]
[themewagon.github.io/dashtreme/assets/flags/1x1/pn.svg]
[themewagon.github.io/dashtreme/assets/flags/4x3/pr.svg]
[themewagon.github.io/dashtreme/assets/flags/1x1/pr.svg]
[themewagon.github.io/dashtreme/assets/flags/4x3/ps.svg]
[themewagon.github.io/dashtreme/assets/flags/1x1/ps.svg]
[themewagon.github.io/dashtreme/assets/flags/4x3/pt.svg]
[themewagon.github.io/dashtreme/assets/flags/1x1/pt.svg]
[themewagon.github.io/dashtreme/assets/flags/4x3/pw.svg]
[themewagon.github.io/dashtreme/assets/flags/1x1/pw.svg]
[themewagon.github.io/dashtreme/assets/flags/4x3/py.svg]
[themewagon.github.io/dashtreme/assets/flags/1x1/py.svg]
[themewagon.github.io/dashtreme/assets/flags/4x3/qa.svg]
[themewagon.github.io/dashtreme/assets/flags/1x1/qa.svg]
[themewagon.github.io/dashtreme/assets/flags/4x3/re.svg]
[themewagon.github.io/dashtreme/assets/flags/1x1/re.svg]
[themewagon.github.io/dashtreme/assets/flags/4x3/ro.svg]
[themewagon.github.io/dashtreme/assets/flags/1x1/ro.svg]
[themewagon.github.io/dashtreme/assets/flags/4x3/rs.svg]
[themewagon.github.io/dashtreme/assets/flags/1x1/rs.svg]
[themewagon.github.io/dashtreme/assets/flags/4x3/ru.svg]
[themewagon.github.io/dashtreme/assets/flags/1x1/ru.svg]
[themewagon.github.io/dashtreme/assets/flags/4x3/rw.svg]
[themewagon.github.io/dashtreme/assets/flags/1x1/rw.svg]
[themewagon.github.io/dashtreme/assets/flags/4x3/sa.svg]
[themewagon.github.io/dashtreme/assets/flags/1x1/sa.svg]
[themewagon.github.io/dashtreme/assets/flags/4x3/sb.svg]
[themewagon.github.io/dashtreme/assets/flags/1x1/sb.svg]
[themewagon.github.io/dashtreme/assets/flags/4x3/sc.svg]
[themewagon.github.io/dashtreme/assets/flags/1x1/sc.svg]
[themewagon.github.io/dashtreme/assets/flags/4x3/sd.svg]
[themewagon.github.io/dashtreme/assets/flags/1x1/sd.svg]
[themewagon.github.io/dashtreme/assets/flags/4x3/se.svg]
[themewagon.github.io/dashtreme/assets/flags/1x1/se.svg]
[themewagon.github.io/dashtreme/assets/flags/4x3/sg.svg]
[themewagon.github.io/dashtreme/assets/flags/1x1/sg.svg]
[themewagon.github.io/dashtreme/assets/flags/4x3/sh.svg]
[themewagon.github.io/dashtreme/assets/flags/1x1/sh.svg]
[themewagon.github.io/dashtreme/assets/flags/4x3/si.svg]
[themewagon.github.io/dashtreme/assets/flags/1x1/si.svg]
[themewagon.github.io/dashtreme/assets/flags/4x3/sj.svg]
[themewagon.github.io/dashtreme/assets/flags/1x1/sj.svg]
[themewagon.github.io/dashtreme/assets/flags/4x3/sk.svg]
[themewagon.github.io/dashtreme/assets/flags/1x1/sk.svg]
[themewagon.github.io/dashtreme/assets/flags/4x3/sl.svg]
[themewagon.github.io/dashtreme/assets/flags/1x1/sl.svg]
[themewagon.github.io/dashtreme/assets/flags/4x3/sm.svg]
[themewagon.github.io/dashtreme/assets/flags/1x1/sm.svg]
[themewagon.github.io/dashtreme/assets/flags/4x3/sn.svg]
[themewagon.github.io/dashtreme/assets/flags/1x1/sn.svg]
[themewagon.github.io/dashtreme/assets/flags/4x3/so.svg]
[themewagon.github.io/dashtreme/assets/flags/1x1/so.svg]
[themewagon.github.io/dashtreme/assets/flags/4x3/sr.svg]
[themewagon.github.io/dashtreme/assets/flags/1x1/sr.svg]
[themewagon.github.io/dashtreme/assets/flags/4x3/ss.svg]
[themewagon.github.io/dashtreme/assets/flags/1x1/ss.svg]
[themewagon.github.io/dashtreme/assets/flags/4x3/st.svg]
[themewagon.github.io/dashtreme/assets/flags/1x1/st.svg]
[themewagon.github.io/dashtreme/assets/flags/4x3/sv.svg]
[themewagon.github.io/dashtreme/assets/flags/1x1/sv.svg]
[themewagon.github.io/dashtreme/assets/flags/4x3/sx.svg]
[themewagon.github.io/dashtreme/assets/flags/1x1/sx.svg]
[themewagon.github.io/dashtreme/assets/flags/4x3/sy.svg]
[themewagon.github.io/dashtreme/assets/flags/1x1/sy.svg]
[themewagon.github.io/dashtreme/assets/flags/4x3/sz.svg]
[themewagon.github.io/dashtreme/assets/flags/1x1/sz.svg]
[themewagon.github.io/dashtreme/assets/flags/4x3/tc.svg]
[themewagon.github.io/dashtreme/assets/flags/1x1/tc.svg]
[themewagon.github.io/dashtreme/assets/flags/4x3/td.svg]
[themewagon.github.io/dashtreme/assets/flags/1x1/td.svg]
[themewagon.github.io/dashtreme/assets/flags/4x3/tf.svg]
[themewagon.github.io/dashtreme/assets/flags/1x1/tf.svg]
[themewagon.github.io/dashtreme/assets/flags/4x3/tg.svg]
[themewagon.github.io/dashtreme/assets/flags/1x1/tg.svg]
[themewagon.github.io/dashtreme/assets/flags/4x3/th.svg]
[themewagon.github.io/dashtreme/assets/flags/1x1/th.svg]
[themewagon.github.io/dashtreme/assets/flags/4x3/tj.svg]
[themewagon.github.io/dashtreme/assets/flags/1x1/tj.svg]
[themewagon.github.io/dashtreme/assets/flags/4x3/tk.svg]
[themewagon.github.io/dashtreme/assets/flags/1x1/tk.svg]
[themewagon.github.io/dashtreme/assets/flags/4x3/tl.svg]
[themewagon.github.io/dashtreme/assets/flags/1x1/tl.svg]
[themewagon.github.io/dashtreme/assets/flags/4x3/tm.svg]
[themewagon.github.io/dashtreme/assets/flags/1x1/tm.svg]
[themewagon.github.io/dashtreme/assets/flags/4x3/tn.svg]
[themewagon.github.io/dashtreme/assets/flags/1x1/tn.svg]
[themewagon.github.io/dashtreme/assets/flags/4x3/to.svg]
[themewagon.github.io/dashtreme/assets/flags/1x1/to.svg]
[themewagon.github.io/dashtreme/assets/flags/4x3/tr.svg]
[themewagon.github.io/dashtreme/assets/flags/1x1/tr.svg]
[themewagon.github.io/dashtreme/assets/flags/4x3/tt.svg]
[themewagon.github.io/dashtreme/assets/flags/1x1/tt.svg]
[themewagon.github.io/dashtreme/assets/flags/4x3/tv.svg]
[themewagon.github.io/dashtreme/assets/flags/1x1/tv.svg]
[themewagon.github.io/dashtreme/assets/flags/4x3/tw.svg]
[themewagon.github.io/dashtreme/assets/flags/1x1/tw.svg]
[themewagon.github.io/dashtreme/assets/flags/4x3/tz.svg]
[themewagon.github.io/dashtreme/assets/flags/1x1/tz.svg]
[themewagon.github.io/dashtreme/assets/flags/4x3/ug.svg]
[themewagon.github.io/dashtreme/assets/flags/1x1/ug.svg]
[themewagon.github.io/dashtreme/assets/flags/4x3/um.svg]
[themewagon.github.io/dashtreme/assets/flags/1x1/um.svg]
[themewagon.github.io/dashtreme/assets/flags/4x3/us.svg]
[themewagon.github.io/dashtreme/assets/flags/1x1/us.svg]
[themewagon.github.io/dashtreme/assets/flags/4x3/uy.svg]
[themewagon.github.io/dashtreme/assets/flags/1x1/uy.svg]
[themewagon.github.io/dashtreme/assets/flags/4x3/uz.svg]
[themewagon.github.io/dashtreme/assets/flags/1x1/uz.svg]
[themewagon.github.io/dashtreme/assets/flags/4x3/va.svg]
[themewagon.github.io/dashtreme/assets/flags/1x1/va.svg]
[themewagon.github.io/dashtreme/assets/flags/4x3/vc.svg]
[themewagon.github.io/dashtreme/assets/flags/1x1/vc.svg]
[themewagon.github.io/dashtreme/assets/flags/4x3/ve.svg]
[themewagon.github.io/dashtreme/assets/flags/1x1/ve.svg]
[themewagon.github.io/dashtreme/assets/flags/4x3/vg.svg]
[themewagon.github.io/dashtreme/assets/flags/1x1/vg.svg]
[themewagon.github.io/dashtreme/assets/flags/4x3/vi.svg]
[themewagon.github.io/dashtreme/assets/flags/1x1/vi.svg]
[themewagon.github.io/dashtreme/assets/flags/4x3/vn.svg]
[themewagon.github.io/dashtreme/assets/flags/1x1/vn.svg]
[themewagon.github.io/dashtreme/assets/flags/4x3/vu.svg]
[themewagon.github.io/dashtreme/assets/flags/1x1/vu.svg]
[themewagon.github.io/dashtreme/assets/flags/4x3/wf.svg]
[themewagon.github.io/dashtreme/assets/flags/1x1/wf.svg]
[themewagon.github.io/dashtreme/assets/flags/4x3/ws.svg]
[themewagon.github.io/dashtreme/assets/flags/1x1/ws.svg]
[themewagon.github.io/dashtreme/assets/flags/4x3/ye.svg]
[themewagon.github.io/dashtreme/assets/flags/1x1/ye.svg]
[themewagon.github.io/dashtreme/assets/flags/4x3/yt.svg]
[themewagon.github.io/dashtreme/assets/flags/1x1/yt.svg]
[themewagon.github.io/dashtreme/assets/flags/4x3/za.svg]
[themewagon.github.io/dashtreme/assets/flags/1x1/za.svg]
[themewagon.github.io/dashtreme/assets/flags/4x3/zm.svg]
[themewagon.github.io/dashtreme/assets/flags/1x1/zm.svg]
[themewagon.github.io/dashtreme/assets/flags/4x3/zw.svg]
[themewagon.github.io/dashtreme/assets/flags/1x1/zw.svg]
[themewagon.github.io/dashtreme/assets/flags/4x3/es-ct.svg]
[themewagon.github.io/dashtreme/assets/flags/1x1/es-ct.svg]
[themewagon.github.io/dashtreme/assets/flags/4x3/eu.svg]
[themewagon.github.io/dashtreme/assets/flags/1x1/eu.svg]
[themewagon.github.io/dashtreme/assets/flags/4x3/gb-nir.svg]
[themewagon.github.io/dashtreme/assets/flags/1x1/gb-nir.svg]
[themewagon.github.io/dashtreme/assets/flags/4x3/gb-wls.svg]
[themewagon.github.io/dashtreme/assets/flags/1x1/gb-wls.svg]
[themewagon.github.io/dashtreme/assets/flags/4x3/un.svg]
[themewagon.github.io/dashtreme/assets/css/icons.css]
[themewagon.github.io/dashtreme/assets/css/sidebar-menu.css]
[themewagon.github.io/dashtreme/assets/flags/1x1/un.svg]
[themewagon.github.io/dashtreme/assets/images/bg-themes/1.png]
[themewagon.github.io/dashtreme/assets/images/bg-themes/2.png]
[themewagon.github.io/dashtreme/assets/images/bg-themes/3.png]
[themewagon.github.io/dashtreme/assets/images/bg-themes/4.png]
[themewagon.github.io/dashtreme/assets/images/bg-themes/5.png]
[themewagon.github.io/dashtreme/assets/images/bg-themes/6.png]
[images.pexels.com/photos/1227520/pexels-photo-1227520fcdb.jpg]
[themewagon.github.io/dashtreme/assets/css/app-style.css]
[themewagon.github.io/dashtreme/index.html]
[themewagon.github.io/dashtreme/icons.html]
[themewagon.github.io/dashtreme/forms.html]
[themewagon.github.io/dashtreme/tables.html]
[themewagon.github.io/dashtreme/assets/plugins/fullcalendar/css/fullcalendar.min.css]
[themewagon.github.io/dashtreme/assets/plugins/fullcalendar/js/moment.min.js]
[themewagon.github.io/dashtreme/assets/plugins/fullcalendar/js/fullcalendar.min.js]
[themewagon.github.io/dashtreme/assets/plugins/fullcalendar/js/fullcalendar-custom-script.js]
[themewagon.github.io/dashtreme/calendar.html]
[themewagon.github.io/dashtreme/assets/images/timeline/html5.svg]
[themewagon.github.io/dashtreme/assets/images/timeline/bootstrap-4.svg]
[themewagon.github.io/dashtreme/assets/images/timeline/angular-icon.svg]
[themewagon.github.io/dashtreme/assets/images/timeline/react.svg]
[themewagon.github.io/dashtreme/profile.html]
[themewagon.github.io/dashtreme/reset-password.html]
[themewagon.github.io/dashtreme/login.html]
[themewagon.github.io/dashtreme/register.html]
[themewagon.github.io/dashtreme/assets/js/jquery.loading-indicator.html]
[themewagon.github.io/dashtreme/assets/fonts/fontawesome-webfont3e6e.svg]
[themewagon.github.io/dashtreme/assets/fonts/themify9f24.svg]
[themewagon.github.io/dashtreme/assets/fonts/Simple-Line-Iconsb26c.svg]
[themewagon.github.io/dashtreme/assets/font/weathericons-regular-webfont.html]
[themewagon.github.io/dashtreme/assets/font/weathericons-regular-webfont-2.html]
[themewagon.github.io/dashtreme/assets/font/weathericons-regular-webfont-3.html]
[themewagon.github.io/dashtreme/assets/flags/4x3/ad.svg]
[themewagon.github.io/dashtreme/assets/flags/1x1/ad.svg]
[themewagon.github.io/dashtreme/assets/flags/4x3/ae.svg]
[themewagon.github.io/dashtreme/assets/flags/1x1/ae.svg]
[themewagon.github.io/dashtreme/assets/flags/4x3/af.svg]
[themewagon.github.io/dashtreme/assets/flags/1x1/af.svg]
[themewagon.github.io/dashtreme/assets/flags/4x3/ag.svg]
[themewagon.github.io/dashtreme/assets/flags/1x1/ag.svg]
[themewagon.github.io/dashtreme/assets/flags/4x3/ai.svg]
[themewagon.github.io/dashtreme/assets/flags/1x1/ai.svg]
[themewagon.github.io/dashtreme/assets/flags/4x3/al.svg]
[themewagon.github.io/dashtreme/assets/flags/1x1/al.svg]
[themewagon.github.io/dashtreme/assets/flags/4x3/am.svg]
[themewagon.github.io/dashtreme/assets/flags/1x1/am.svg]
[themewagon.github.io/dashtreme/assets/flags/4x3/ao.svg]
[themewagon.github.io/dashtreme/assets/flags/1x1/ao.svg]
[themewagon.github.io/dashtreme/assets/flags/4x3/aq.svg]
[themewagon.github.io/dashtreme/assets/flags/1x1/aq.svg]
[themewagon.github.io/dashtreme/assets/flags/4x3/ar.svg]
[themewagon.github.io/dashtreme/assets/flags/1x1/ar.svg]
[themewagon.github.io/dashtreme/assets/flags/4x3/as.svg]
[themewagon.github.io/dashtreme/assets/flags/1x1/as.svg]
[themewagon.github.io/dashtreme/assets/flags/4x3/at.svg]
[themewagon.github.io/dashtreme/assets/flags/1x1/at.svg]
[themewagon.github.io/dashtreme/assets/flags/4x3/au.svg]
[themewagon.github.io/dashtreme/assets/flags/1x1/au.svg]
[themewagon.github.io/dashtreme/assets/flags/4x3/aw.svg]
[themewagon.github.io/dashtreme/assets/flags/1x1/aw.svg]
[themewagon.github.io/dashtreme/assets/flags/4x3/ax.svg]
[themewagon.github.io/dashtreme/assets/flags/1x1/ax.svg]
[themewagon.github.io/dashtreme/assets/flags/4x3/az.svg]
[themewagon.github.io/dashtreme/assets/flags/1x1/az.svg]
[themewagon.github.io/dashtreme/assets/flags/4x3/ba.svg]
[themewagon.github.io/dashtreme/assets/flags/1x1/ba.svg]
[themewagon.github.io/dashtreme/assets/flags/4x3/bb.svg]
[themewagon.github.io/dashtreme/assets/flags/1x1/bb.svg]
[themewagon.github.io/dashtreme/assets/flags/4x3/bd.svg]
[themewagon.github.io/dashtreme/assets/flags/1x1/bd.svg]
[themewagon.github.io/dashtreme/assets/flags/4x3/be.svg]
[themewagon.github.io/dashtreme/assets/flags/1x1/be.svg]
[themewagon.github.io/dashtreme/assets/flags/4x3/bf.svg]
[themewagon.github.io/dashtreme/assets/flags/1x1/bf.svg]
[themewagon.github.io/dashtreme/assets/flags/4x3/bg.svg]
[themewagon.github.io/dashtreme/assets/flags/1x1/bg.svg]
[themewagon.github.io/dashtreme/assets/flags/4x3/bh.svg]
[themewagon.github.io/dashtreme/assets/flags/1x1/bh.svg]
[themewagon.github.io/dashtreme/assets/flags/4x3/bi.svg]
[themewagon.github.io/dashtreme/assets/flags/1x1/bi.svg]
[themewagon.github.io/dashtreme/assets/flags/4x3/bj.svg]
[themewagon.github.io/dashtreme/assets/flags/1x1/bj.svg]
[themewagon.github.io/dashtreme/assets/flags/4x3/bl.svg]
[themewagon.github.io/dashtreme/assets/flags/1x1/bl.svg]
[themewagon.github.io/dashtreme/assets/flags/4x3/bm.svg]
[themewagon.github.io/dashtreme/assets/flags/1x1/bm.svg]
[themewagon.github.io/dashtreme/assets/flags/4x3/bn.svg]
[themewagon.github.io/dashtreme/assets/flags/1x1/bn.svg]
[themewagon.github.io/dashtreme/assets/flags/4x3/bo.svg]
[themewagon.github.io/dashtreme/assets/flags/1x1/bo.svg]
[themewagon.github.io/dashtreme/assets/flags/4x3/bq.svg]
[themewagon.github.io/dashtreme/assets/flags/1x1/bq.svg]
[themewagon.github.io/dashtreme/assets/flags/4x3/br.svg]
[themewagon.github.io/dashtreme/assets/flags/1x1/br.svg]
[themewagon.github.io/dashtreme/assets/flags/4x3/bs.svg]
[themewagon.github.io/dashtreme/assets/flags/1x1/bs.svg]
[themewagon.github.io/dashtreme/assets/flags/4x3/bt.svg]
[themewagon.github.io/dashtreme/assets/flags/1x1/bt.svg]
[themewagon.github.io/dashtreme/assets/flags/4x3/bv.svg]
[themewagon.github.io/dashtreme/assets/flags/1x1/bv.svg]
[themewagon.github.io/dashtreme/assets/flags/4x3/bw.svg]
[themewagon.github.io/dashtreme/assets/flags/1x1/bw.svg]
[themewagon.github.io/dashtreme/assets/flags/4x3/by.svg]
[themewagon.github.io/dashtreme/assets/flags/1x1/by.svg]
[themewagon.github.io/dashtreme/assets/flags/4x3/bz.svg]
[themewagon.github.io/dashtreme/assets/flags/1x1/bz.svg]
[themewagon.github.io/dashtreme/assets/flags/4x3/ca.svg]
[themewagon.github.io/dashtreme/assets/flags/1x1/ca.svg]
[themewagon.github.io/dashtreme/assets/flags/4x3/cc.svg]
[themewagon.github.io/dashtreme/assets/flags/1x1/cc.svg]
[themewagon.github.io/dashtreme/assets/flags/4x3/cd.svg]
[themewagon.github.io/dashtreme/assets/flags/1x1/cd.svg]
[themewagon.github.io/dashtreme/assets/flags/4x3/cf.svg]
[themewagon.github.io/dashtreme/assets/flags/1x1/cf.svg]
[themewagon.github.io/dashtreme/assets/flags/4x3/cg.svg]
[themewagon.github.io/dashtreme/assets/flags/1x1/cg.svg]
[themewagon.github.io/dashtreme/assets/flags/4x3/ch.svg]
[themewagon.github.io/dashtreme/assets/flags/1x1/ch.svg]
[themewagon.github.io/dashtreme/assets/flags/4x3/ci.svg]
[themewagon.github.io/dashtreme/assets/flags/1x1/ci.svg]
[themewagon.github.io/dashtreme/assets/flags/4x3/ck.svg]
[themewagon.github.io/dashtreme/assets/flags/1x1/ck.svg]
[themewagon.github.io/dashtreme/assets/flags/4x3/cl.svg]
[themewagon.github.io/dashtreme/assets/flags/1x1/cl.svg]
[themewagon.github.io/dashtreme/assets/flags/4x3/cm.svg]
[themewagon.github.io/dashtreme/assets/flags/1x1/cm.svg]
[themewagon.github.io/dashtreme/assets/flags/4x3/cn.svg]
[themewagon.github.io/dashtreme/assets/flags/1x1/cn.svg]
[themewagon.github.io/dashtreme/assets/flags/4x3/co.svg]
[themewagon.github.io/dashtreme/assets/flags/1x1/co.svg]
[themewagon.github.io/dashtreme/assets/flags/4x3/cr.svg]
[themewagon.github.io/dashtreme/assets/flags/1x1/cr.svg]
[themewagon.github.io/dashtreme/assets/flags/4x3/cu.svg]
[themewagon.github.io/dashtreme/assets/flags/1x1/cu.svg]
[themewagon.github.io/dashtreme/assets/flags/4x3/cv.svg]
[themewagon.github.io/dashtreme/assets/flags/1x1/cv.svg]
[themewagon.github.io/dashtreme/assets/flags/4x3/cw.svg]
[themewagon.github.io/dashtreme/assets/flags/1x1/cw.svg]
[themewagon.github.io/dashtreme/assets/flags/4x3/cx.svg]
[themewagon.github.io/dashtreme/assets/flags/1x1/cx.svg]
[themewagon.github.io/dashtreme/assets/flags/4x3/cy.svg]
[themewagon.github.io/dashtreme/assets/flags/1x1/cy.svg]
[themewagon.github.io/dashtreme/assets/flags/4x3/cz.svg]
[themewagon.github.io/dashtreme/assets/flags/1x1/cz.svg]
[themewagon.github.io/dashtreme/assets/flags/4x3/de.svg]
[themewagon.github.io/dashtreme/assets/flags/1x1/de.svg]
[themewagon.github.io/dashtreme/assets/flags/4x3/dj.svg]
[themewagon.github.io/dashtreme/assets/flags/1x1/dj.svg]
[themewagon.github.io/dashtreme/assets/flags/4x3/dk.svg]
[themewagon.github.io/dashtreme/assets/flags/1x1/dk.svg]
[themewagon.github.io/dashtreme/assets/flags/4x3/dm.svg]
[themewagon.github.io/dashtreme/assets/flags/1x1/dm.svg]
[themewagon.github.io/dashtreme/assets/flags/4x3/do.svg]
[themewagon.github.io/dashtreme/assets/flags/1x1/do.svg]
[themewagon.github.io/dashtreme/assets/flags/4x3/dz.svg]
[themewagon.github.io/dashtreme/assets/flags/1x1/dz.svg]
[themewagon.github.io/dashtreme/assets/flags/4x3/ec.svg]
[themewagon.github.io/dashtreme/assets/flags/1x1/ec.svg]
[themewagon.github.io/dashtreme/assets/flags/4x3/ee.svg]
[themewagon.github.io/dashtreme/assets/flags/1x1/ee.svg]
[themewagon.github.io/dashtreme/assets/flags/4x3/eg.svg]
[themewagon.github.io/dashtreme/assets/flags/1x1/eg.svg]
[themewagon.github.io/dashtreme/assets/flags/4x3/eh.svg]
[themewagon.github.io/dashtreme/assets/flags/1x1/eh.svg]
[themewagon.github.io/dashtreme/assets/flags/4x3/er.svg]
[themewagon.github.io/dashtreme/assets/flags/1x1/er.svg]
[themewagon.github.io/dashtreme/assets/flags/4x3/es.svg]
[themewagon.github.io/dashtreme/assets/flags/1x1/es.svg]
[themewagon.github.io/dashtreme/assets/flags/4x3/et.svg]
[themewagon.github.io/dashtreme/assets/flags/1x1/et.svg]
[themewagon.github.io/dashtreme/assets/flags/4x3/fi.svg]
[themewagon.github.io/dashtreme/assets/flags/1x1/fi.svg]
[themewagon.github.io/dashtreme/assets/flags/4x3/fj.svg]
[themewagon.github.io/dashtreme/assets/flags/1x1/fj.svg]
[themewagon.github.io/dashtreme/assets/flags/4x3/fk.svg]
[themewagon.github.io/dashtreme/assets/flags/1x1/fk.svg]
[themewagon.github.io/dashtreme/assets/flags/4x3/fm.svg]
[themewagon.github.io/dashtreme/assets/flags/1x1/fm.svg]
[themewagon.github.io/dashtreme/assets/flags/4x3/fo.svg]
[themewagon.github.io/dashtreme/assets/flags/1x1/fo.svg]
[themewagon.github.io/dashtreme/assets/flags/4x3/fr.svg]
[themewagon.github.io/dashtreme/assets/flags/1x1/fr.svg]
[themewagon.github.io/dashtreme/assets/flags/4x3/ga.svg]
[themewagon.github.io/dashtreme/assets/flags/1x1/ga.svg]
[themewagon.github.io/dashtreme/assets/flags/4x3/gb.svg]
[themewagon.github.io/dashtreme/assets/flags/1x1/gb.svg]
[themewagon.github.io/dashtreme/assets/flags/4x3/gd.svg]
[themewagon.github.io/dashtreme/assets/flags/1x1/gd.svg]
[themewagon.github.io/dashtreme/assets/flags/4x3/ge.svg]
[themewagon.github.io/dashtreme/assets/flags/1x1/ge.svg]
[themewagon.github.io/dashtreme/assets/flags/4x3/gf.svg]
[themewagon.github.io/dashtreme/assets/flags/1x1/gf.svg]
[themewagon.github.io/dashtreme/assets/flags/4x3/gg.svg]
[themewagon.github.io/dashtreme/assets/flags/1x1/gg.svg]
[themewagon.github.io/dashtreme/assets/flags/4x3/gh.svg]
[themewagon.github.io/dashtreme/assets/flags/1x1/gh.svg]
[themewagon.github.io/dashtreme/assets/flags/4x3/gi.svg]
[themewagon.github.io/dashtreme/assets/flags/1x1/gi.svg]
[themewagon.github.io/dashtreme/assets/flags/4x3/gl.svg]
[themewagon.github.io/dashtreme/assets/flags/1x1/gl.svg]
[themewagon.github.io/dashtreme/assets/flags/4x3/gm.svg]
[themewagon.github.io/dashtreme/assets/flags/1x1/gm.svg]
[themewagon.github.io/dashtreme/assets/flags/4x3/gn.svg]
[themewagon.github.io/dashtreme/assets/flags/1x1/gn.svg]
[themewagon.github.io/dashtreme/assets/flags/4x3/gp.svg]
[themewagon.github.io/dashtreme/assets/flags/1x1/gp.svg]
[themewagon.github.io/dashtreme/assets/flags/4x3/gq.svg]
[themewagon.github.io/dashtreme/assets/flags/1x1/gq.svg]
[themewagon.github.io/dashtreme/assets/flags/4x3/gr.svg]
[themewagon.github.io/dashtreme/assets/flags/1x1/gr.svg]
[themewagon.github.io/dashtreme/assets/flags/4x3/gs.svg]
[themewagon.github.io/dashtreme/assets/flags/1x1/gs.svg]
[themewagon.github.io/dashtreme/assets/flags/4x3/gt.svg]
[themewagon.github.io/dashtreme/assets/flags/1x1/gt.svg]
[themewagon.github.io/dashtreme/assets/flags/4x3/gu.svg]
[themewagon.github.io/dashtreme/assets/flags/1x1/gu.svg]
[themewagon.github.io/dashtreme/assets/flags/4x3/gw.svg]
[themewagon.github.io/dashtreme/assets/flags/1x1/gw.svg]
[themewagon.github.io/dashtreme/assets/flags/4x3/gy.svg]
[themewagon.github.io/dashtreme/assets/flags/1x1/gy.svg]
[themewagon.github.io/dashtreme/assets/flags/4x3/hk.svg]
[themewagon.github.io/dashtreme/assets/flags/1x1/hk.svg]
[themewagon.github.io/dashtreme/assets/flags/4x3/hm.svg]
[themewagon.github.io/dashtreme/assets/flags/1x1/hm.svg]
[themewagon.github.io/dashtreme/assets/flags/4x3/hn.svg]
[themewagon.github.io/dashtreme/assets/flags/1x1/hn.svg]
[themewagon.github.io/dashtreme/assets/flags/4x3/hr.svg]
[themewagon.github.io/dashtreme/assets/flags/1x1/hr.svg]
[themewagon.github.io/dashtreme/assets/flags/4x3/ht.svg]
[themewagon.github.io/dashtreme/assets/flags/1x1/ht.svg]
[themewagon.github.io/dashtreme/assets/flags/4x3/hu.svg]
[themewagon.github.io/dashtreme/assets/flags/1x1/hu.svg]
[themewagon.github.io/dashtreme/assets/flags/4x3/id.svg]
[themewagon.github.io/dashtreme/assets/flags/1x1/id.svg]
[themewagon.github.io/dashtreme/assets/flags/4x3/ie.svg]
[themewagon.github.io/dashtreme/assets/flags/1x1/ie.svg]
[themewagon.github.io/dashtreme/assets/flags/4x3/il.svg]
[themewagon.github.io/dashtreme/assets/flags/1x1/il.svg]
[themewagon.github.io/dashtreme/assets/flags/4x3/im.svg]
[themewagon.github.io/dashtreme/assets/flags/1x1/im.svg]
[themewagon.github.io/dashtreme/assets/flags/4x3/in.svg]
[themewagon.github.io/dashtreme/assets/flags/1x1/in.svg]
[themewagon.github.io/dashtreme/assets/flags/4x3/io.svg]
[themewagon.github.io/dashtreme/assets/flags/1x1/io.svg]
[themewagon.github.io/dashtreme/assets/flags/4x3/iq.svg]
[themewagon.github.io/dashtreme/assets/flags/1x1/iq.svg]
[themewagon.github.io/dashtreme/assets/flags/4x3/ir.svg]
[themewagon.github.io/dashtreme/assets/flags/1x1/ir.svg]
[themewagon.github.io/dashtreme/assets/flags/4x3/is.svg]
[themewagon.github.io/dashtreme/assets/flags/1x1/is.svg]
[themewagon.github.io/dashtreme/assets/flags/4x3/it.svg]
[themewagon.github.io/dashtreme/assets/flags/1x1/it.svg]
[themewagon.github.io/dashtreme/assets/flags/4x3/je.svg]
[themewagon.github.io/dashtreme/assets/flags/1x1/je.svg]
[themewagon.github.io/dashtreme/assets/flags/4x3/jm.svg]
[themewagon.github.io/dashtreme/assets/flags/1x1/jm.svg]
[themewagon.github.io/dashtreme/assets/flags/4x3/jo.svg]
[themewagon.github.io/dashtreme/assets/flags/1x1/jo.svg]
[themewagon.github.io/dashtreme/assets/flags/4x3/jp.svg]
[themewagon.github.io/dashtreme/assets/flags/1x1/jp.svg]
[themewagon.github.io/dashtreme/assets/flags/4x3/ke.svg]
[themewagon.github.io/dashtreme/assets/flags/1x1/ke.svg]
[themewagon.github.io/dashtreme/assets/flags/4x3/kg.svg]
[themewagon.github.io/dashtreme/assets/flags/1x1/kg.svg]
[themewagon.github.io/dashtreme/assets/flags/4x3/kh.svg]
[themewagon.github.io/dashtreme/assets/flags/1x1/kh.svg]
[themewagon.github.io/dashtreme/assets/flags/4x3/ki.svg]
[themewagon.github.io/dashtreme/assets/flags/1x1/ki.svg]
[themewagon.github.io/dashtreme/assets/flags/4x3/km.svg]
[themewagon.github.io/dashtreme/assets/flags/1x1/km.svg]
[themewagon.github.io/dashtreme/assets/flags/4x3/kn.svg]
[themewagon.github.io/dashtreme/assets/flags/1x1/kn.svg]
[themewagon.github.io/dashtreme/assets/flags/4x3/kp.svg]
[themewagon.github.io/dashtreme/assets/flags/1x1/kp.svg]
[themewagon.github.io/dashtreme/assets/flags/4x3/kr.svg]
[themewagon.github.io/dashtreme/assets/flags/1x1/kr.svg]
[themewagon.github.io/dashtreme/assets/flags/4x3/kw.svg]
[themewagon.github.io/dashtreme/assets/flags/1x1/kw.svg]
[themewagon.github.io/dashtreme/assets/flags/4x3/ky.svg]
[themewagon.github.io/dashtreme/assets/flags/1x1/ky.svg]
[themewagon.github.io/dashtreme/assets/flags/4x3/kz.svg]
[themewagon.github.io/dashtreme/assets/flags/1x1/kz.svg]
[themewagon.github.io/dashtreme/assets/flags/4x3/la.svg]
[themewagon.github.io/dashtreme/assets/flags/1x1/la.svg]
[themewagon.github.io/dashtreme/assets/flags/4x3/lb.svg]
[themewagon.github.io/dashtreme/assets/flags/1x1/lb.svg]
[themewagon.github.io/dashtreme/assets/flags/4x3/lc.svg]
[themewagon.github.io/dashtreme/assets/flags/1x1/lc.svg]
[themewagon.github.io/dashtreme/assets/flags/4x3/li.svg]
[themewagon.github.io/dashtreme/assets/flags/1x1/li.svg]
[themewagon.github.io/dashtreme/assets/flags/4x3/lk.svg]
[themewagon.github.io/dashtreme/assets/flags/1x1/lk.svg]
[themewagon.github.io/dashtreme/assets/flags/4x3/lr.svg]
[themewagon.github.io/dashtreme/assets/flags/1x1/lr.svg]
[themewagon.github.io/dashtreme/assets/flags/4x3/ls.svg]
[themewagon.github.io/dashtreme/assets/flags/1x1/ls.svg]
[themewagon.github.io/dashtreme/assets/flags/4x3/lt.svg]
[themewagon.github.io/dashtreme/assets/flags/1x1/lt.svg]
[themewagon.github.io/dashtreme/assets/flags/4x3/lu.svg]
[themewagon.github.io/dashtreme/assets/flags/1x1/lu.svg]
[themewagon.github.io/dashtreme/assets/flags/4x3/lv.svg]
[themewagon.github.io/dashtreme/assets/flags/1x1/lv.svg]
[themewagon.github.io/dashtreme/assets/flags/4x3/ly.svg]
[themewagon.github.io/dashtreme/assets/flags/1x1/ly.svg]
[themewagon.github.io/dashtreme/assets/flags/4x3/ma.svg]
[themewagon.github.io/dashtreme/assets/flags/1x1/ma.svg]
[themewagon.github.io/dashtreme/assets/flags/4x3/mc.svg]
[themewagon.github.io/dashtreme/assets/flags/1x1/mc.svg]
[themewagon.github.io/dashtreme/assets/flags/4x3/md.svg]
[themewagon.github.io/dashtreme/assets/flags/1x1/md.svg]
[themewagon.github.io/dashtreme/assets/flags/4x3/me.svg]
[themewagon.github.io/dashtreme/assets/flags/1x1/me.svg]
[themewagon.github.io/dashtreme/assets/flags/4x3/mf.svg]
[themewagon.github.io/dashtreme/assets/flags/1x1/mf.svg]
[themewagon.github.io/dashtreme/assets/flags/4x3/mg.svg]
[themewagon.github.io/dashtreme/assets/flags/1x1/mg.svg]
[themewagon.github.io/dashtreme/assets/flags/4x3/mh.svg]
[themewagon.github.io/dashtreme/assets/flags/1x1/mh.svg]
[themewagon.github.io/dashtreme/assets/flags/4x3/mk.svg]
[themewagon.github.io/dashtreme/assets/flags/1x1/mk.svg]
[themewagon.github.io/dashtreme/assets/flags/4x3/ml.svg]
[themewagon.github.io/dashtreme/assets/flags/1x1/ml.svg]
[themewagon.github.io/dashtreme/assets/flags/4x3/mm.svg]
[themewagon.github.io/dashtreme/assets/flags/1x1/mm.svg]
[themewagon.github.io/dashtreme/assets/flags/4x3/mn.svg]
[themewagon.github.io/dashtreme/assets/flags/1x1/mn.svg]
[themewagon.github.io/dashtreme/assets/flags/4x3/mo.svg]
[themewagon.github.io/dashtreme/assets/flags/1x1/mo.svg]
[themewagon.github.io/dashtreme/assets/flags/4x3/mp.svg]
[themewagon.github.io/dashtreme/assets/flags/1x1/mp.svg]
[themewagon.github.io/dashtreme/assets/flags/4x3/mq.svg]
[themewagon.github.io/dashtreme/assets/flags/1x1/mq.svg]
[themewagon.github.io/dashtreme/assets/flags/4x3/mr.svg]
[themewagon.github.io/dashtreme/assets/flags/1x1/mr.svg]
[themewagon.github.io/dashtreme/assets/flags/4x3/ms.svg]
[themewagon.github.io/dashtreme/assets/flags/1x1/ms.svg]
[themewagon.github.io/dashtreme/assets/flags/4x3/mt.svg]
[themewagon.github.io/dashtreme/assets/flags/1x1/mt.svg]
[themewagon.github.io/dashtreme/assets/flags/4x3/mu.svg]
[themewagon.github.io/dashtreme/assets/flags/1x1/mu.svg]
[themewagon.github.io/dashtreme/assets/flags/4x3/mv.svg]
[themewagon.github.io/dashtreme/assets/flags/1x1/mv.svg]
[themewagon.github.io/dashtreme/assets/flags/4x3/mw.svg]
[themewagon.github.io/dashtreme/assets/flags/1x1/mw.svg]
[themewagon.github.io/dashtreme/assets/flags/4x3/mx.svg]
[themewagon.github.io/dashtreme/assets/flags/1x1/mx.svg]
[themewagon.github.io/dashtreme/assets/flags/4x3/my.svg]
[themewagon.github.io/dashtreme/assets/flags/1x1/my.svg]
[themewagon.github.io/dashtreme/assets/flags/4x3/mz.svg]
[themewagon.github.io/dashtreme/assets/flags/1x1/mz.svg]
[themewagon.github.io/dashtreme/assets/flags/4x3/na.svg]
[themewagon.github.io/dashtreme/assets/flags/1x1/na.svg]
[themewagon.github.io/dashtreme/assets/flags/4x3/nc.svg]
[themewagon.github.io/dashtreme/assets/flags/1x1/nc.svg]
[themewagon.github.io/dashtreme/assets/flags/4x3/ne.svg]
[themewagon.github.io/dashtreme/assets/flags/1x1/ne.svg]
[themewagon.github.io/dashtreme/assets/flags/4x3/nf.svg]
[themewagon.github.io/dashtreme/assets/flags/1x1/nf.svg]
[themewagon.github.io/dashtreme/assets/flags/4x3/ng.svg]
[themewagon.github.io/dashtreme/assets/flags/1x1/ng.svg]
[themewagon.github.io/dashtreme/assets/flags/4x3/ni.svg]
[themewagon.github.io/dashtreme/assets/flags/1x1/ni.svg]
[themewagon.github.io/dashtreme/assets/flags/4x3/nl.svg]
[themewagon.github.io/dashtreme/assets/flags/1x1/nl.svg]
[themewagon.github.io/dashtreme/assets/flags/4x3/no.svg]
[themewagon.github.io/dashtreme/assets/flags/1x1/no.svg]
[themewagon.github.io/dashtreme/assets/flags/4x3/np.svg]
[themewagon.github.io/dashtreme/assets/flags/1x1/np.svg]
[themewagon.github.io/dashtreme/assets/flags/4x3/nr.svg]
[themewagon.github.io/dashtreme/assets/flags/1x1/nr.svg]
[themewagon.github.io/dashtreme/assets/flags/4x3/nu.svg]
[themewagon.github.io/dashtreme/assets/flags/1x1/nu.svg]
[themewagon.github.io/dashtreme/assets/flags/4x3/nz.svg]
[themewagon.github.io/dashtreme/assets/flags/1x1/nz.svg]
[themewagon.github.io/dashtreme/assets/flags/4x3/om.svg]
[themewagon.github.io/dashtreme/assets/flags/1x1/om.svg]
[themewagon.github.io/dashtreme/assets/flags/4x3/pa.svg]
[themewagon.github.io/dashtreme/assets/flags/1x1/pa.svg]
[themewagon.github.io/dashtreme/assets/flags/4x3/pe.svg]
[themewagon.github.io/dashtreme/assets/flags/1x1/pe.svg]
[themewagon.github.io/dashtreme/assets/flags/4x3/pf.svg]
[themewagon.github.io/dashtreme/assets/flags/1x1/pf.svg]
[themewagon.github.io/dashtreme/assets/flags/4x3/pg.svg]
[themewagon.github.io/dashtreme/assets/flags/1x1/pg.svg]
[themewagon.github.io/dashtreme/assets/flags/4x3/ph.svg]
[themewagon.github.io/dashtreme/assets/flags/1x1/ph.svg]
[themewagon.github.io/dashtreme/assets/flags/4x3/pk.svg]
[themewagon.github.io/dashtreme/assets/flags/1x1/pk.svg]
[themewagon.github.io/dashtreme/assets/flags/4x3/pl.svg]
[themewagon.github.io/dashtreme/assets/flags/1x1/pl.svg]
[themewagon.github.io/dashtreme/assets/flags/4x3/pm.svg]
[themewagon.github.io/dashtreme/assets/flags/1x1/pm.svg]
[themewagon.github.io/dashtreme/assets/flags/4x3/pn.svg]
[themewagon.github.io/dashtreme/assets/flags/1x1/pn.svg]
[themewagon.github.io/dashtreme/assets/flags/4x3/pr.svg]
[themewagon.github.io/dashtreme/assets/flags/1x1/pr.svg]
[themewagon.github.io/dashtreme/assets/flags/4x3/ps.svg]
[themewagon.github.io/dashtreme/assets/flags/1x1/ps.svg]
[themewagon.github.io/dashtreme/assets/flags/4x3/pt.svg]
[themewagon.github.io/dashtreme/assets/flags/1x1/pt.svg]
[themewagon.github.io/dashtreme/assets/flags/4x3/pw.svg]
[themewagon.github.io/dashtreme/assets/flags/1x1/pw.svg]
[themewagon.github.io/dashtreme/assets/flags/4x3/py.svg]
[themewagon.github.io/dashtreme/assets/flags/1x1/py.svg]
[themewagon.github.io/dashtreme/assets/flags/4x3/qa.svg]
[themewagon.github.io/dashtreme/assets/flags/1x1/qa.svg]
[themewagon.github.io/dashtreme/assets/flags/4x3/re.svg]
[themewagon.github.io/dashtreme/assets/flags/1x1/re.svg]
[themewagon.github.io/dashtreme/assets/flags/4x3/ro.svg]
[themewagon.github.io/dashtreme/assets/flags/1x1/ro.svg]
[themewagon.github.io/dashtreme/assets/flags/4x3/rs.svg]
[themewagon.github.io/dashtreme/assets/flags/1x1/rs.svg]
[themewagon.github.io/dashtreme/assets/flags/4x3/ru.svg]
[themewagon.github.io/dashtreme/assets/flags/1x1/ru.svg]
[themewagon.github.io/dashtreme/assets/flags/4x3/rw.svg]
[themewagon.github.io/dashtreme/assets/flags/1x1/rw.svg]
[themewagon.github.io/dashtreme/assets/flags/4x3/sa.svg]
[themewagon.github.io/dashtreme/assets/flags/1x1/sa.svg]
[themewagon.github.io/dashtreme/assets/flags/4x3/sb.svg]
[themewagon.github.io/dashtreme/assets/flags/1x1/sb.svg]
[themewagon.github.io/dashtreme/assets/flags/4x3/sc.svg]
[themewagon.github.io/dashtreme/assets/flags/1x1/sc.svg]
[themewagon.github.io/dashtreme/assets/flags/4x3/sd.svg]
[themewagon.github.io/dashtreme/assets/flags/1x1/sd.svg]
[themewagon.github.io/dashtreme/assets/flags/4x3/se.svg]
[themewagon.github.io/dashtreme/assets/flags/1x1/se.svg]
[themewagon.github.io/dashtreme/assets/flags/4x3/sg.svg]
[themewagon.github.io/dashtreme/assets/flags/1x1/sg.svg]
[themewagon.github.io/dashtreme/assets/flags/4x3/sh.svg]
[themewagon.github.io/dashtreme/assets/flags/1x1/sh.svg]
[themewagon.github.io/dashtreme/assets/flags/4x3/si.svg]
[themewagon.github.io/dashtreme/assets/flags/1x1/si.svg]
[themewagon.github.io/dashtreme/assets/flags/4x3/sj.svg]
[themewagon.github.io/dashtreme/assets/flags/1x1/sj.svg]
[themewagon.github.io/dashtreme/assets/flags/4x3/sk.svg]
[themewagon.github.io/dashtreme/assets/flags/1x1/sk.svg]
[themewagon.github.io/dashtreme/assets/flags/4x3/sl.svg]
[themewagon.github.io/dashtreme/assets/flags/1x1/sl.svg]
[themewagon.github.io/dashtreme/assets/flags/4x3/sm.svg]
[themewagon.github.io/dashtreme/assets/flags/1x1/sm.svg]
[themewagon.github.io/dashtreme/assets/flags/4x3/sn.svg]
[themewagon.github.io/dashtreme/assets/flags/1x1/sn.svg]
[themewagon.github.io/dashtreme/assets/flags/4x3/so.svg]
[themewagon.github.io/dashtreme/assets/flags/1x1/so.svg]
[themewagon.github.io/dashtreme/assets/flags/4x3/sr.svg]
[themewagon.github.io/dashtreme/assets/flags/1x1/sr.svg]
[themewagon.github.io/dashtreme/assets/flags/4x3/ss.svg]
[themewagon.github.io/dashtreme/assets/flags/1x1/ss.svg]
[themewagon.github.io/dashtreme/assets/flags/4x3/st.svg]
[themewagon.github.io/dashtreme/assets/flags/1x1/st.svg]
[themewagon.github.io/dashtreme/assets/flags/4x3/sv.svg]
[themewagon.github.io/dashtreme/assets/flags/1x1/sv.svg]
[themewagon.github.io/dashtreme/assets/flags/4x3/sx.svg]
[themewagon.github.io/dashtreme/assets/flags/1x1/sx.svg]
[themewagon.github.io/dashtreme/assets/flags/4x3/sy.svg]
[themewagon.github.io/dashtreme/assets/flags/1x1/sy.svg]
[themewagon.github.io/dashtreme/assets/flags/4x3/sz.svg]
[themewagon.github.io/dashtreme/assets/flags/1x1/sz.svg]
[themewagon.github.io/dashtreme/assets/flags/4x3/tc.svg]
[themewagon.github.io/dashtreme/assets/flags/1x1/tc.svg]
[themewagon.github.io/dashtreme/assets/flags/4x3/td.svg]
[themewagon.github.io/dashtreme/assets/flags/1x1/td.svg]
[themewagon.github.io/dashtreme/assets/flags/4x3/tf.svg]
[themewagon.github.io/dashtreme/assets/flags/1x1/tf.svg]
[themewagon.github.io/dashtreme/assets/flags/4x3/tg.svg]
[themewagon.github.io/dashtreme/assets/flags/1x1/tg.svg]
[themewagon.github.io/dashtreme/assets/flags/4x3/th.svg]
[themewagon.github.io/dashtreme/assets/flags/1x1/th.svg]
[themewagon.github.io/dashtreme/assets/flags/4x3/tj.svg]
[themewagon.github.io/dashtreme/assets/flags/1x1/tj.svg]
[themewagon.github.io/dashtreme/assets/flags/4x3/tk.svg]
[themewagon.github.io/dashtreme/assets/flags/1x1/tk.svg]
[themewagon.github.io/dashtreme/assets/flags/4x3/tl.svg]
[themewagon.github.io/dashtreme/assets/flags/1x1/tl.svg]
[themewagon.github.io/dashtreme/assets/flags/4x3/tm.svg]
[themewagon.github.io/dashtreme/assets/flags/1x1/tm.svg]
[themewagon.github.io/dashtreme/assets/flags/4x3/tn.svg]
[themewagon.github.io/dashtreme/assets/flags/1x1/tn.svg]
[themewagon.github.io/dashtreme/assets/flags/4x3/to.svg]
[themewagon.github.io/dashtreme/assets/flags/1x1/to.svg]
[themewagon.github.io/dashtreme/assets/flags/4x3/tr.svg]
[themewagon.github.io/dashtreme/assets/flags/1x1/tr.svg]
[themewagon.github.io/dashtreme/assets/flags/4x3/tt.svg]
[themewagon.github.io/dashtreme/assets/flags/1x1/tt.svg]
[themewagon.github.io/dashtreme/assets/flags/4x3/tv.svg]
[themewagon.github.io/dashtreme/assets/flags/1x1/tv.svg]
[themewagon.github.io/dashtreme/assets/flags/4x3/tw.svg]
[themewagon.github.io/dashtreme/assets/flags/1x1/tw.svg]
[themewagon.github.io/dashtreme/assets/flags/4x3/tz.svg]
[themewagon.github.io/dashtreme/assets/flags/1x1/tz.svg]
[themewagon.github.io/dashtreme/assets/flags/4x3/ua.svg]
[themewagon.github.io/dashtreme/assets/flags/1x1/ua.svg]
[themewagon.github.io/dashtreme/assets/flags/4x3/ug.svg]
[themewagon.github.io/dashtreme/assets/flags/1x1/ug.svg]
[themewagon.github.io/dashtreme/assets/flags/4x3/um.svg]
[themewagon.github.io/dashtreme/assets/flags/1x1/um.svg]
[themewagon.github.io/dashtreme/assets/flags/4x3/us.svg]
[themewagon.github.io/dashtreme/assets/flags/1x1/us.svg]
[themewagon.github.io/dashtreme/assets/flags/4x3/uy.svg]
[themewagon.github.io/dashtreme/assets/flags/1x1/uy.svg]
[themewagon.github.io/dashtreme/assets/flags/4x3/uz.svg]
[themewagon.github.io/dashtreme/assets/flags/1x1/uz.svg]
[themewagon.github.io/dashtreme/assets/flags/4x3/va.svg]
[themewagon.github.io/dashtreme/assets/flags/1x1/va.svg]
[themewagon.github.io/dashtreme/assets/flags/4x3/vc.svg]
[themewagon.github.io/dashtreme/assets/flags/1x1/vc.svg]
[themewagon.github.io/dashtreme/assets/flags/4x3/ve.svg]
[themewagon.github.io/dashtreme/assets/flags/1x1/ve.svg]
[themewagon.github.io/dashtreme/assets/flags/4x3/vg.svg]
[themewagon.github.io/dashtreme/assets/flags/1x1/vg.svg]
[themewagon.github.io/dashtreme/assets/flags/4x3/vi.svg]
[themewagon.github.io/dashtreme/assets/flags/1x1/vi.svg]
[themewagon.github.io/dashtreme/assets/flags/4x3/vn.svg]
[themewagon.github.io/dashtreme/assets/flags/1x1/vn.svg]
[themewagon.github.io/dashtreme/assets/flags/4x3/vu.svg]
[themewagon.github.io/dashtreme/assets/flags/1x1/vu.svg]
[themewagon.github.io/dashtreme/assets/flags/4x3/wf.svg]
[themewagon.github.io/dashtreme/assets/flags/1x1/wf.svg]
[themewagon.github.io/dashtreme/assets/flags/4x3/ws.svg]
[themewagon.github.io/dashtreme/assets/flags/1x1/ws.svg]
[themewagon.github.io/dashtreme/assets/flags/4x3/ye.svg]
[themewagon.github.io/dashtreme/assets/flags/1x1/ye.svg]
[themewagon.github.io/dashtreme/assets/flags/4x3/yt.svg]
[themewagon.github.io/dashtreme/assets/flags/1x1/yt.svg]
[themewagon.github.io/dashtreme/assets/flags/4x3/za.svg]
[themewagon.github.io/dashtreme/assets/flags/1x1/za.svg]
[themewagon.github.io/dashtreme/assets/flags/4x3/zm.svg]
[themewagon.github.io/dashtreme/assets/flags/1x1/zm.svg]
[themewagon.github.io/dashtreme/assets/flags/4x3/zw.svg]
[themewagon.github.io/dashtreme/assets/flags/1x1/zw.svg]
[themewagon.github.io/dashtreme/assets/flags/4x3/es-ct.svg]
[themewagon.github.io/dashtreme/assets/flags/1x1/es-ct.svg]
[themewagon.github.io/dashtreme/assets/flags/4x3/eu.svg]
[themewagon.github.io/dashtreme/assets/flags/1x1/eu.svg]
[themewagon.github.io/dashtreme/assets/flags/4x3/gb-eng.svg]
[themewagon.github.io/dashtreme/assets/flags/1x1/gb-eng.svg]
[themewagon.github.io/dashtreme/assets/flags/4x3/gb-nir.svg]
[themewagon.github.io/dashtreme/assets/flags/1x1/gb-nir.svg]
[themewagon.github.io/dashtreme/assets/flags/4x3/gb-sct.svg]
[themewagon.github.io/dashtreme/assets/flags/1x1/gb-sct.svg]
[themewagon.github.io/dashtreme/assets/flags/4x3/gb-wls.svg]
[themewagon.github.io/dashtreme/assets/flags/1x1/gb-wls.svg]
[themewagon.github.io/dashtreme/assets/flags/4x3/un.svg]
[themewagon.github.io/dashtreme/assets/flags/1x1/un.svg]
[themewagon.github.io/dashtreme/assets/plugins/fullcalendar/css/fullcalendar.min.css]
[themewagon.github.io/dashtreme/assets/images/timeline/html5.svg]
[themewagon.github.io/dashtreme/assets/images/timeline/bootstrap-4.svg]
[themewagon.github.io/dashtreme/assets/images/timeline/angular-icon.svg]
[themewagon.github.io/dashtreme/assets/images/timeline/react.svg]
[themewagon.github.io/dashtreme/reset-password.html]
